GROUP,PACKAGE,CLASS,INSTRUCTION_MISSED,INSTRUCTION_COVERED,BRANCH_MISSED,BRANCH_COVERED,LINE_MISSED,LINE_COVERED,COMPLEXITY_MISSED,COMPLEXITY_COVERED,METHOD_MISSED,METHOD_COVERED
Apache Shiro :: Samples :: Guice Web,org.apache.shiro.samples.guice,SampleShiroGuiceBootstrap,0,27,0,0,0,5,0,3,0,3
Apache Shiro :: Samples :: Guice Web,org.apache.shiro.samples.guice,SampleShiroNativeSessionsServletModule,16,135,0,0,4,27,0,5,0,5
Apache Shiro :: Samples :: Guice Web,org.apache.shiro.samples.guice,SampleShiroServletModule,120,0,0,0,25,0,4,0,4,0
