GROUP,PACKAGE,CLASS,INSTRUCTION_MISSED,INSTRUCTION_COVERED,BRANCH_MISSED,BRANCH_COVERED,LINE_MISSED,LINE_COVERED,COMPLEXITY_MISSED,COMPLEXITY_COVERED,METHOD_MISSED,METHOD_COVERED
Apache Shiro :: Support :: Spring Boot,org.apache.shiro.spring.boot.autoconfigure,ShiroBeanAutoConfiguration,0,12,0,0,0,4,0,4,0,4
Apache Shiro :: Support :: Spring Boot,org.apache.shiro.spring.boot.autoconfigure,ShiroAutoConfiguration,12,34,0,0,3,11,3,11,3,11
Apache Shiro :: Support :: Spring Boot,org.apache.shiro.spring.boot.autoconfigure,ShiroNoRealmConfiguredFailureAnalyzer,7,3,0,0,1,1,1,1,1,1
Apache Shiro :: Support :: Spring Boot,org.apache.shiro.spring.boot.autoconfigure,ShiroAnnotationProcessorAutoConfiguration,0,10,0,0,0,3,0,3,0,3
Apache Shiro :: Support :: Spring Boot,org.apache.shiro.spring.boot.autoconfigure.exception,NoRealmBeanConfiguredException,3,0,0,0,1,0,1,0,1,0
