GROUP,PACKAGE,CLASS,INSTRUCTION_MISSED,INSTRUCTION_COVERED,BRANCH_MISSED,BRANCH_COVERED,LINE_MISSED,LINE_COVERED,COMPLEXITY_MISSED,COMPLEXITY_COVERED,METHOD_MISSED,METHOD_COVERED
Apache Shiro :: Support :: Spring Boot Web,org.apache.shiro.spring.config.web.autoconfigure,ShiroBeanAutoConfiguration,0,12,0,0,0,4,0,4,0,4
Apache Shiro :: Support :: Spring Boot Web,org.apache.shiro.spring.config.web.autoconfigure,ShiroWebAutoConfiguration,0,43,0,0,0,14,0,14,0,14
Apache Shiro :: Support :: Spring Boot Web,org.apache.shiro.spring.config.web.autoconfigure,ShiroAnnotationProcessorAutoConfiguration,0,10,0,0,0,3,0,3,0,3
Apache Shiro :: Support :: Spring Boot Web,org.apache.shiro.spring.config.web.autoconfigure,ShiroWebFilterConfiguration,0,21,0,0,0,6,0,3,0,3
