GROUP,PACKAGE,CLASS,INSTRUCTION_MISSED,INSTRUCTION_COVERED,BRANCH_MISSED,BRANCH_COVERED,LINE_MISSED,LINE_COVERED,COMPLEXITY_MISSED,COMPLEXITY_COVERED,METHOD_MISSED,METHOD_COVERED
Apache Shiro :: Cryptography :: Ciphers,org.apache.shiro.crypto,PaddingScheme,0,136,0,0,0,16,0,3,0,3
Apache Shiro :: Cryptography :: Ciphers,org.apache.shiro.crypto,DefaultBlockCipherService,74,227,9,29,14,64,12,32,3,22
Apache Shiro :: Cryptography :: Ciphers,org.apache.shiro.crypto,OperationMode,0,114,0,0,0,12,0,1,0,1
Apache Shiro :: Cryptography :: Ciphers,org.apache.shiro.crypto,AesCipherService,0,38,2,6,0,8,2,4,0,2
Apache Shiro :: Cryptography :: Ciphers,org.apache.shiro.crypto,AbstractSymmetricCipherService,19,20,0,0,3,7,0,3,0,3
Apache Shiro :: Cryptography :: Ciphers,org.apache.shiro.crypto,JcaCipherService,232,445,34,38,50,122,35,35,5,29
Apache Shiro :: Cryptography :: Ciphers,org.apache.shiro.crypto,BlowfishCipherService,0,7,0,0,0,3,0,1,0,1
