GROUP,PACKAGE,CLASS,INSTRUCTION_MISSED,INSTRUCTION_COVERED,BRANCH_MISSED,BRANCH_COVERED,LINE_MISSED,LINE_COVERED,COMPLEXITY_MISSED,COMPLEXITY_COVERED,METHOD_MISSED,METHOD_COVERED
Apache Shiro :: All (aggregate jar)/shiro-lang,org.apache.shiro.codec,Base64,148,723,25,57,33,123,21,34,4,10
Apache Shiro :: All (aggregate jar)/shiro-lang,org.apache.shiro.codec,Hex,24,186,2,6,3,25,3,9,1,7
Apache Shiro :: All (aggregate jar)/shiro-lang,org.apache.shiro.codec,CodecException,16,0,0,0,8,0,4,0,4,0
Apache Shiro :: All (aggregate jar)/shiro-lang,org.apache.shiro.codec,H64,34,118,7,13,7,28,8,10,1,6
Apache Shiro :: All (aggregate jar)/shiro-lang,org.apache.shiro.codec,CodecSupport,267,74,26,14,55,16,23,13,8,8
Apache Shiro :: All (aggregate jar)/shiro-lang,org.apache.shiro.util,Assert,249,10,46,2,68,6,50,3,26,3
Apache Shiro :: All (aggregate jar)/shiro-lang,org.apache.shiro.util,ClassUtils,56,254,5,29,11,53,7,22,2,10
Apache Shiro :: All (aggregate jar)/shiro-lang,org.apache.shiro.util,ByteSource.Util,70,41,8,8,15,12,11,6,5,4
Apache Shiro :: All (aggregate jar)/shiro-lang,org.apache.shiro.util,ClassUtils.new ClassUtils.ExceptionIgnoringAccessor() {...},0,7,0,0,0,2,0,2,0,2
Apache Shiro :: All (aggregate jar)/shiro-lang,org.apache.shiro.util,ClassUtils.ExceptionIgnoringAccessor,10,53,4,4,4,16,3,5,0,4
Apache Shiro :: All (aggregate jar)/shiro-lang,org.apache.shiro.util,InstantiationException,16,0,0,0,8,0,4,0,4,0
Apache Shiro :: All (aggregate jar)/shiro-lang,org.apache.shiro.util,StringUtils,149,460,43,77,37,112,36,45,3,18
Apache Shiro :: All (aggregate jar)/shiro-lang,org.apache.shiro.util,UnknownClassException,12,4,0,0,6,2,3,1,3,1
Apache Shiro :: All (aggregate jar)/shiro-lang,org.apache.shiro.util,ClassUtils.new ClassUtils.ExceptionIgnoringAccessor() {...},0,7,0,0,0,2,0,2,0,2
Apache Shiro :: All (aggregate jar)/shiro-lang,org.apache.shiro.util,ClassUtils.new ClassUtils.ExceptionIgnoringAccessor() {...},0,6,0,0,0,2,0,2,0,2
Apache Shiro :: All (aggregate jar)/shiro-lang,org.apache.shiro.util,SoftHashMap,212,123,27,7,56,35,27,9,11,8
Apache Shiro :: All (aggregate jar)/shiro-lang,org.apache.shiro.util,SimpleByteSource.BytesHelper,11,0,0,0,3,0,3,0,3,0
Apache Shiro :: All (aggregate jar)/shiro-lang,org.apache.shiro.util,SimpleByteSource,75,67,15,13,20,17,16,12,7,7
Apache Shiro :: All (aggregate jar)/shiro-lang,org.apache.shiro.util,LifecycleUtils,32,68,7,15,7,25,7,12,1,7
Apache Shiro :: All (aggregate jar)/shiro-lang,org.apache.shiro.util,SoftHashMap.SoftValue,0,8,0,0,0,3,0,1,0,1
Apache Shiro :: All (aggregate jar)/shiro-lang,org.apache.shiro.io,ResourceUtils,87,81,16,10,20,23,14,9,3,7
Apache Shiro :: All (aggregate jar)/shiro-lang,org.apache.shiro.io,DefaultSerializer,51,51,2,2,11,15,2,3,0,3
Apache Shiro :: All (aggregate jar)/shiro-lang,org.apache.shiro.io,SerializationException,0,16,0,0,0,8,0,4,0,4
Apache Shiro :: All (aggregate jar)/shiro-lang,org.apache.shiro.io,ClassResolvingObjectInputStream,16,8,0,0,2,3,0,2,0,2
Apache Shiro :: All (aggregate jar)/shiro-lang,org.apache.shiro.io,XmlSerializer,59,0,4,0,16,0,5,0,3,0
Apache Shiro :: All (aggregate jar)/shiro-lang,org.apache.shiro,ShiroException,0,16,0,0,0,8,0,4,0,4
Apache Shiro :: All (aggregate jar)/shiro-config-core,org.apache.shiro.config,ConfigurationException,7,9,0,0,4,4,2,2,2,2
Apache Shiro :: All (aggregate jar)/shiro-config-core,org.apache.shiro.config,Ini,140,412,19,47,33,112,29,41,13,24
Apache Shiro :: All (aggregate jar)/shiro-config-core,org.apache.shiro.config,Ini.Section,85,299,19,39,18,73,23,30,7,17
Apache Shiro :: All (aggregate jar)/shiro-config-ogdl,org.apache.shiro.config.event,LoggingBeanEventListener,0,47,0,2,0,8,0,4,0,3
Apache Shiro :: All (aggregate jar)/shiro-config-ogdl,org.apache.shiro.config.event,DestroyedBeanEvent,0,6,0,0,0,2,0,1,0,1
Apache Shiro :: All (aggregate jar)/shiro-config-ogdl,org.apache.shiro.config.event,InitializedBeanEvent,0,6,0,0,0,2,0,1,0,1
Apache Shiro :: All (aggregate jar)/shiro-config-ogdl,org.apache.shiro.config.event,BeanEvent,0,22,0,0,0,8,0,4,0,4
Apache Shiro :: All (aggregate jar)/shiro-config-ogdl,org.apache.shiro.config.event,ConfiguredBeanEvent,0,6,0,0,0,2,0,1,0,1
Apache Shiro :: All (aggregate jar)/shiro-config-ogdl,org.apache.shiro.config.event,InstantiatedBeanEvent,0,6,0,0,0,2,0,1,0,1
Apache Shiro :: All (aggregate jar)/shiro-config-ogdl,org.apache.shiro.config,UnresolveableReferenceException,12,4,0,0,6,2,3,1,3,1
Apache Shiro :: All (aggregate jar)/shiro-config-ogdl,org.apache.shiro.config,ReflectionBuilder.InstantiationStatement,0,53,0,0,0,11,0,2,0,2
Apache Shiro :: All (aggregate jar)/shiro-config-ogdl,org.apache.shiro.config,CommonsInterpolator,3,33,0,0,1,7,1,2,1,2
Apache Shiro :: All (aggregate jar)/shiro-config-ogdl,org.apache.shiro.config,DefaultInterpolator,0,5,0,0,0,2,0,2,0,2
Apache Shiro :: All (aggregate jar)/shiro-config-ogdl,org.apache.shiro.config,ReflectionBuilder.BeanConfigurationProcessor,8,160,3,15,2,37,3,9,0,3
Apache Shiro :: All (aggregate jar)/shiro-config-ogdl,org.apache.shiro.config,ReflectionBuilder.AssignmentStatement,0,45,0,0,0,10,0,3,0,3
Apache Shiro :: All (aggregate jar)/shiro-config-ogdl,org.apache.shiro.config,ReflectionBuilder,330,1277,52,142,60,280,50,92,2,43
Apache Shiro :: All (aggregate jar)/shiro-config-ogdl,org.apache.shiro.config,ReflectionBuilder.Statement,6,58,2,4,2,19,4,7,2,6
Apache Shiro :: All (aggregate jar)/shiro-config-ogdl,org.apache.shiro.config,ReflectionBuilder.BeanConfiguration,2,92,1,7,1,25,1,11,0,8
Apache Shiro :: All (aggregate jar)/shiro-crypto-core,org.apache.shiro.crypto,UnknownAlgorithmException,13,0,0,0,6,0,3,0,3,0
Apache Shiro :: All (aggregate jar)/shiro-crypto-core,org.apache.shiro.crypto,SecureRandomNumberGenerator,12,54,1,5,5,17,3,8,2,6
Apache Shiro :: All (aggregate jar)/shiro-crypto-core,org.apache.shiro.crypto,CryptoException,8,5,0,0,4,2,2,1,2,1
Apache Shiro :: All (aggregate jar)/shiro-crypto-hash,org.apache.shiro.crypto.hash,Md2Hash,37,5,0,0,12,2,5,1,5,1
Apache Shiro :: All (aggregate jar)/shiro-crypto-hash,org.apache.shiro.crypto.hash,DefaultHashService,10,257,8,38,0,69,8,32,0,17
Apache Shiro :: All (aggregate jar)/shiro-crypto-hash,org.apache.shiro.crypto.hash,HashRequest.Builder,0,50,0,0,0,16,0,8,0,8
Apache Shiro :: All (aggregate jar)/shiro-crypto-hash,org.apache.shiro.crypto.hash,Sha384Hash,37,5,0,0,12,2,5,1,5,1
Apache Shiro :: All (aggregate jar)/shiro-crypto-hash,org.apache.shiro.crypto.hash,Sha512Hash,30,12,0,0,10,4,4,2,4,2
Apache Shiro :: All (aggregate jar)/shiro-crypto-hash,org.apache.shiro.crypto.hash,Sha256Hash,24,18,0,0,8,6,3,3,3,3
Apache Shiro :: All (aggregate jar)/shiro-crypto-hash,org.apache.shiro.crypto.hash,Md5Hash,37,5,0,0,12,2,5,1,5,1
Apache Shiro :: All (aggregate jar)/shiro-crypto-hash,org.apache.shiro.crypto.hash,SimpleHashRequest,0,36,0,2,0,12,0,6,0,5
Apache Shiro :: All (aggregate jar)/shiro-crypto-hash,org.apache.shiro.crypto.hash,SimpleHash,54,226,9,19,11,66,10,29,3,22
Apache Shiro :: All (aggregate jar)/shiro-crypto-hash,org.apache.shiro.crypto.hash,Sha1Hash,31,11,0,0,10,4,4,2,4,2
Apache Shiro :: All (aggregate jar)/shiro-crypto-hash,org.apache.shiro.crypto.hash,AbstractHash,390,12,44,0,94,5,39,1,17,1
Apache Shiro :: All (aggregate jar)/shiro-crypto-hash,org.apache.shiro.crypto.hash.format,Base64Format,0,10,0,2,0,2,0,3,0,2
Apache Shiro :: All (aggregate jar)/shiro-crypto-hash,org.apache.shiro.crypto.hash.format,ProvidedHashFormat,0,69,0,2,0,13,0,7,0,6
Apache Shiro :: All (aggregate jar)/shiro-crypto-hash,org.apache.shiro.crypto.hash.format,HexFormat,0,10,0,2,0,2,0,3,0,2
Apache Shiro :: All (aggregate jar)/shiro-crypto-hash,org.apache.shiro.crypto.hash.format,DefaultHashFormatFactory,3,339,11,45,0,84,11,28,0,11
Apache Shiro :: All (aggregate jar)/shiro-crypto-hash,org.apache.shiro.crypto.hash.format,Shiro1CryptFormat,0,150,0,12,0,42,0,10,0,4
Apache Shiro :: All (aggregate jar)/shiro-crypto-cipher,org.apache.shiro.crypto,PaddingScheme,9,136,0,0,0,16,2,3,2,3
Apache Shiro :: All (aggregate jar)/shiro-crypto-cipher,org.apache.shiro.crypto,DefaultBlockCipherService,151,158,18,20,38,40,26,18,12,13
Apache Shiro :: All (aggregate jar)/shiro-crypto-cipher,org.apache.shiro.crypto,OperationMode,9,119,0,0,0,12,2,2,2,2
Apache Shiro :: All (aggregate jar)/shiro-crypto-cipher,org.apache.shiro.crypto,AesCipherService,0,4,0,0,0,2,0,1,0,1
Apache Shiro :: All (aggregate jar)/shiro-crypto-cipher,org.apache.shiro.crypto,AbstractSymmetricCipherService,19,20,0,0,3,7,0,3,0,3
Apache Shiro :: All (aggregate jar)/shiro-crypto-cipher,org.apache.shiro.crypto,JcaCipherService,191,485,34,38,47,124,38,31,5,28
Apache Shiro :: All (aggregate jar)/shiro-crypto-cipher,org.apache.shiro.crypto,BlowfishCipherService,0,7,0,0,0,3,0,1,0,1
Apache Shiro :: All (aggregate jar)/shiro-event,org.apache.shiro.event,Event,0,10,0,0,0,4,0,2,0,2
Apache Shiro :: All (aggregate jar)/shiro-event,org.apache.shiro.event.support,EventClassComparator,0,38,1,13,0,14,1,8,0,2
Apache Shiro :: All (aggregate jar)/shiro-event,org.apache.shiro.event.support,AnnotationEventListenerResolver,0,57,1,7,0,16,1,7,0,4
Apache Shiro :: All (aggregate jar)/shiro-event,org.apache.shiro.event.support,EventListenerComparator,0,57,1,15,0,19,1,10,0,3
Apache Shiro :: All (aggregate jar)/shiro-event,org.apache.shiro.event.support,SingleArgumentMethodEventListener,0,109,1,7,0,25,1,11,0,8
Apache Shiro :: All (aggregate jar)/shiro-event,org.apache.shiro.event.support,DefaultEventBus.Subscription,0,66,1,7,0,19,1,5,0,2
Apache Shiro :: All (aggregate jar)/shiro-event,org.apache.shiro.event.support,DefaultEventBus,18,130,0,12,0,43,0,13,0,7
Apache Shiro :: All (aggregate jar)/shiro-core,org.apache.shiro.ldap,UnsupportedAuthenticationMechanismException,9,0,0,0,4,0,2,0,2,0
Apache Shiro :: All (aggregate jar)/shiro-core,org.apache.shiro.session.mgt.eis,CachingSessionDAO,59,122,17,11,25,42,18,15,5,14
Apache Shiro :: All (aggregate jar)/shiro-core,org.apache.shiro.session.mgt.eis,EnterpriseCacheSessionDAO,3,20,0,0,2,7,2,3,2,3
Apache Shiro :: All (aggregate jar)/shiro-core,org.apache.shiro.session.mgt.eis,JavaUuidSessionIdGenerator,0,6,0,0,0,2,0,2,0,2
Apache Shiro :: All (aggregate jar)/shiro-core,org.apache.shiro.session.mgt.eis,MemorySessionDAO,10,74,3,5,2,22,3,9,0,8
Apache Shiro :: All (aggregate jar)/shiro-core,org.apache.shiro.session.mgt.eis,RandomSessionIdGenerator,34,0,0,0,12,0,5,0,5,0
Apache Shiro :: All (aggregate jar)/shiro-core,org.apache.shiro.session.mgt.eis,AbstractSessionDAO,35,41,3,3,8,15,5,6,2,6
Apache Shiro :: All (aggregate jar)/shiro-core,org.apache.shiro.session.mgt.eis,EnterpriseCacheSessionDAO.new AbstractCacheManager() {...},8,6,0,0,1,1,1,1,1,1
Apache Shiro :: All (aggregate jar)/shiro-core,org.apache.shiro.aop,DefaultAnnotationResolver,20,30,2,6,3,9,2,4,0,2
Apache Shiro :: All (aggregate jar)/shiro-core,org.apache.shiro.aop,AnnotationMethodInterceptor,8,51,2,4,1,15,2,9,0,8
Apache Shiro :: All (aggregate jar)/shiro-core,org.apache.shiro.aop,AnnotationHandler,7,17,1,1,2,8,1,4,0,4
Apache Shiro :: All (aggregate jar)/shiro-core,org.apache.shiro.aop,MethodInterceptorSupport,2,3,0,0,1,2,1,1,1,1
Apache Shiro :: All (aggregate jar)/shiro-core,org.apache.shiro.config,IniSecurityManagerFactory,90,266,17,31,22,76,17,30,3,20
Apache Shiro :: All (aggregate jar)/shiro-core,org.apache.shiro.config,IniFactorySupport,54,82,5,7,9,29,4,12,0,10
Apache Shiro :: All (aggregate jar)/shiro-core,org.apache.shiro,SecurityUtils,3,45,0,6,1,15,1,6,1,3
Apache Shiro :: All (aggregate jar)/shiro-core,org.apache.shiro,UnavailableSecurityManagerException,5,4,0,0,2,2,1,1,1,1
Apache Shiro :: All (aggregate jar)/shiro-core,org.apache.shiro.dao,DataAccessException,9,0,0,0,4,0,2,0,2,0
Apache Shiro :: All (aggregate jar)/shiro-core,org.apache.shiro.dao,InvalidResourceUsageException,9,0,0,0,4,0,2,0,2,0
Apache Shiro :: All (aggregate jar)/shiro-core,org.apache.shiro.util,ThreadContext,135,129,13,17,24,36,15,16,3,13
Apache Shiro :: All (aggregate jar)/shiro-core,org.apache.shiro.util,JavaEnvironment,69,0,16,0,19,0,15,0,7,0
Apache Shiro :: All (aggregate jar)/shiro-core,org.apache.shiro.util,PermissionUtils,5,46,2,4,2,10,3,4,1,3
Apache Shiro :: All (aggregate jar)/shiro-core,org.apache.shiro.util,ThreadContext.InheritableThreadLocalMap,0,12,0,2,0,4,0,3,0,2
Apache Shiro :: All (aggregate jar)/shiro-core,org.apache.shiro.util,AntPathMatcher,526,194,135,31,127,47,77,15,4,5
Apache Shiro :: All (aggregate jar)/shiro-core,org.apache.shiro.util,CollectionUtils,41,60,11,15,6,11,12,10,5,4
Apache Shiro :: All (aggregate jar)/shiro-core,org.apache.shiro.util,RegExPatternMatcher,5,15,1,1,1,5,1,2,0,2
Apache Shiro :: All (aggregate jar)/shiro-core,org.apache.shiro.util,JdbcUtils,54,22,13,5,20,13,8,6,1,4
Apache Shiro :: All (aggregate jar)/shiro-core,org.apache.shiro.util,AbstractFactory,14,27,3,3,5,10,4,3,1,3
Apache Shiro :: All (aggregate jar)/shiro-core,org.apache.shiro.util,MapContext,70,63,3,5,14,20,11,9,8,8
Apache Shiro :: All (aggregate jar)/shiro-core,org.apache.shiro.authc.pam,UnsupportedTokenException,12,4,0,0,6,2,3,1,3,1
Apache Shiro :: All (aggregate jar)/shiro-core,org.apache.shiro.authc.pam,FirstSuccessfulStrategy,28,0,10,0,6,0,9,0,4,0
Apache Shiro :: All (aggregate jar)/shiro-core,org.apache.shiro.authc.pam,AtLeastOneSuccessfulStrategy,36,3,8,0,4,1,6,1,2,1
Apache Shiro :: All (aggregate jar)/shiro-core,org.apache.shiro.authc.pam,AbstractAuthenticationStrategy,35,7,6,0,12,2,7,2,4,2
Apache Shiro :: All (aggregate jar)/shiro-core,org.apache.shiro.authc.pam,ModularRealmAuthenticator,5,235,5,17,1,58,5,17,0,11
Apache Shiro :: All (aggregate jar)/shiro-core,org.apache.shiro.authc.pam,AllSuccessfulStrategy,80,47,7,1,14,6,5,3,1,3
Apache Shiro :: All (aggregate jar)/shiro-core,org.apache.shiro.realm.ldap,DefaultLdapRealm,40,239,6,16,10,64,8,18,2,13
Apache Shiro :: All (aggregate jar)/shiro-core,org.apache.shiro.realm.ldap,JndiLdapRealm,0,3,0,0,0,1,0,1,0,1
Apache Shiro :: All (aggregate jar)/shiro-core,org.apache.shiro.realm.ldap,AbstractLdapRealm,77,76,2,2,28,23,11,4,9,4
Apache Shiro :: All (aggregate jar)/shiro-core,org.apache.shiro.realm.ldap,JndiLdapContextFactory,8,272,13,33,1,65,13,36,1,25
Apache Shiro :: All (aggregate jar)/shiro-core,org.apache.shiro.realm.ldap,DefaultLdapContextFactory,67,203,17,25,18,45,23,15,8,9
Apache Shiro :: All (aggregate jar)/shiro-core,org.apache.shiro.realm.ldap,LdapUtils,50,10,4,2,19,5,5,3,3,2
Apache Shiro :: All (aggregate jar)/shiro-core,org.apache.shiro.authz.aop,GuestAnnotationMethodInterceptor,0,13,0,0,0,4,0,2,0,2
Apache Shiro :: All (aggregate jar)/shiro-core,org.apache.shiro.authz.aop,UserAnnotationMethodInterceptor,0,13,0,0,0,4,0,2,0,2
Apache Shiro :: All (aggregate jar)/shiro-core,org.apache.shiro.authz.aop,GuestAnnotationHandler,0,17,1,3,0,5,1,3,0,2
Apache Shiro :: All (aggregate jar)/shiro-core,org.apache.shiro.authz.aop,PermissionAnnotationHandler,45,38,10,4,7,12,6,4,0,3
Apache Shiro :: All (aggregate jar)/shiro-core,org.apache.shiro.authz.aop,AuthenticatedAnnotationMethodInterceptor,0,13,0,0,0,4,0,2,0,2
Apache Shiro :: All (aggregate jar)/shiro-core,org.apache.shiro.authz.aop,AuthenticatedAnnotationHandler,0,17,1,3,0,5,1,3,0,2
Apache Shiro :: All (aggregate jar)/shiro-core,org.apache.shiro.authz.aop,AnnotationsAuthorizingMethodInterceptor,0,78,2,6,0,18,2,6,0,4
Apache Shiro :: All (aggregate jar)/shiro-core,org.apache.shiro.authz.aop,AuthorizingAnnotationHandler,0,4,0,0,0,2,0,1,0,1
Apache Shiro :: All (aggregate jar)/shiro-core,org.apache.shiro.authz.aop,AuthorizingAnnotationMethodInterceptor,6,39,1,1,2,10,2,3,1,3
Apache Shiro :: All (aggregate jar)/shiro-core,org.apache.shiro.authz.aop,AuthorizingMethodInterceptor,0,9,0,0,0,3,0,2,0,2
Apache Shiro :: All (aggregate jar)/shiro-core,org.apache.shiro.authz.aop,UserAnnotationHandler,0,17,1,3,0,5,1,3,0,2
Apache Shiro :: All (aggregate jar)/shiro-core,org.apache.shiro.authz.aop,RoleAnnotationMethodInterceptor,0,13,0,0,0,4,0,2,0,2
Apache Shiro :: All (aggregate jar)/shiro-core,org.apache.shiro.authz.aop,PermissionAnnotationMethodInterceptor,0,13,0,0,0,4,0,2,0,2
Apache Shiro :: All (aggregate jar)/shiro-core,org.apache.shiro.authz.aop,RoleAnnotationHandler,20,55,3,11,4,12,3,6,0,2
Apache Shiro :: All (aggregate jar)/shiro-core,org.apache.shiro.session,UnknownSessionException,16,0,0,0,8,0,4,0,4,0
Apache Shiro :: All (aggregate jar)/shiro-core,org.apache.shiro.session,SessionException,12,4,0,0,6,2,3,1,3,1
Apache Shiro :: All (aggregate jar)/shiro-core,org.apache.shiro.session,StoppedSessionException,12,4,0,0,6,2,3,1,3,1
Apache Shiro :: All (aggregate jar)/shiro-core,org.apache.shiro.session,ExpiredSessionException,12,4,0,0,6,2,3,1,3,1
Apache Shiro :: All (aggregate jar)/shiro-core,org.apache.shiro.session,ProxiedSession,21,45,1,1,6,15,5,9,4,9
Apache Shiro :: All (aggregate jar)/shiro-core,org.apache.shiro.session,SessionListenerAdapter,2,4,0,0,2,2,2,2,2,2
Apache Shiro :: All (aggregate jar)/shiro-core,org.apache.shiro.session,InvalidSessionException,12,4,0,0,6,2,3,1,3,1
Apache Shiro :: All (aggregate jar)/shiro-core,org.apache.shiro.jndi,JndiTemplate.new JndiCallback() {...},15,0,0,0,3,0,2,0,2,0
Apache Shiro :: All (aggregate jar)/shiro-core,org.apache.shiro.jndi,JndiTemplate.new JndiCallback() {...},20,0,0,0,3,0,2,0,2,0
Apache Shiro :: All (aggregate jar)/shiro-core,org.apache.shiro.jndi,JndiTemplate.new JndiCallback() {...},20,0,0,0,3,0,2,0,2,0
Apache Shiro :: All (aggregate jar)/shiro-core,org.apache.shiro.jndi,JndiTemplate.new JndiCallback() {...},33,0,2,0,5,0,3,0,2,0
Apache Shiro :: All (aggregate jar)/shiro-core,org.apache.shiro.jndi,JndiObjectFactory,6,59,0,4,2,11,2,6,2,4
Apache Shiro :: All (aggregate jar)/shiro-core,org.apache.shiro.jndi,JndiLocator,118,15,14,0,26,4,16,2,9,2
Apache Shiro :: All (aggregate jar)/shiro-core,org.apache.shiro.jndi,JndiTemplate,169,7,8,0,40,3,14,2,10,2
Apache Shiro :: All (aggregate jar)/shiro-core,org.apache.shiro.subject.support,SubjectRunnable,16,36,2,2,2,15,2,4,0,4
Apache Shiro :: All (aggregate jar)/shiro-core,org.apache.shiro.subject.support,DefaultSubjectContext,49,381,17,41,10,92,16,42,4,25
Apache Shiro :: All (aggregate jar)/shiro-core,org.apache.shiro.subject.support,SubjectThreadState,11,51,2,10,3,24,3,8,1,4
Apache Shiro :: All (aggregate jar)/shiro-core,org.apache.shiro.subject.support,SubjectCallable,16,37,2,2,2,12,2,4,0,4
Apache Shiro :: All (aggregate jar)/shiro-core,org.apache.shiro.subject.support,DelegatingSubject.StoppingAwareProxiedSession,0,16,0,0,0,7,0,2,0,2
Apache Shiro :: All (aggregate jar)/shiro-core,org.apache.shiro.subject.support,DelegatingSubject,271,518,47,65,53,136,47,60,14,37
Apache Shiro :: All (aggregate jar)/shiro-core,org.apache.shiro.subject.support,DisabledSessionException,4,0,0,0,2,0,1,0,1,0
Apache Shiro :: All (aggregate jar)/shiro-core,org.apache.shiro.authz,UnauthenticatedException,0,16,0,0,0,8,0,4,0,4
Apache Shiro :: All (aggregate jar)/shiro-core,org.apache.shiro.authz,HostUnauthorizedException,7,16,0,0,3,8,2,4,2,4
Apache Shiro :: All (aggregate jar)/shiro-core,org.apache.shiro.authz,AuthorizationException,0,16,0,0,0,8,0,4,0,4
Apache Shiro :: All (aggregate jar)/shiro-core,org.apache.shiro.authz,UnauthorizedException,0,16,0,0,0,8,0,4,0,4
Apache Shiro :: All (aggregate jar)/shiro-core,org.apache.shiro.authz,SimpleAuthorizationInfo,60,54,8,4,18,20,9,11,5,9
Apache Shiro :: All (aggregate jar)/shiro-core,org.apache.shiro.authz,SimpleRole,127,23,26,0,34,10,21,5,8,5
Apache Shiro :: All (aggregate jar)/shiro-core,org.apache.shiro.authz,ModularRealmAuthorizer,363,181,74,30,82,52,55,24,14,13
Apache Shiro :: All (aggregate jar)/shiro-core,org.apache.shiro.subject,SimplePrincipalCollection,155,313,49,45,43,82,42,28,4,19
Apache Shiro :: All (aggregate jar)/shiro-core,org.apache.shiro.subject,ExecutionException,9,0,0,0,4,0,2,0,2,0
Apache Shiro :: All (aggregate jar)/shiro-core,org.apache.shiro.subject,SimplePrincipalMap,499,0,96,0,124,0,76,0,28,0
Apache Shiro :: All (aggregate jar)/shiro-core,org.apache.shiro.subject,Subject.Builder,66,53,14,4,20,17,14,7,5,7
Apache Shiro :: All (aggregate jar)/shiro-core,org.apache.shiro.realm.text,TextConfigurationRealm,13,242,7,29,6,71,7,24,0,13
Apache Shiro :: All (aggregate jar)/shiro-core,org.apache.shiro.realm.text,IniRealm,19,139,4,18,7,47,5,16,1,9
Apache Shiro :: All (aggregate jar)/shiro-core,org.apache.shiro.realm.text,PropertiesRealm,212,247,38,18,51,58,34,16,9,13
Apache Shiro :: All (aggregate jar)/shiro-core,org.apache.shiro.authc.credential,HashedCredentialsMatcher,30,140,5,11,10,43,6,19,2,15
Apache Shiro :: All (aggregate jar)/shiro-core,org.apache.shiro.authc.credential,SimpleCredentialsMatcher,4,75,2,6,1,17,2,8,0,6
Apache Shiro :: All (aggregate jar)/shiro-core,org.apache.shiro.authc.credential,DefaultPasswordService,5,261,11,27,0,66,10,25,0,16
Apache Shiro :: All (aggregate jar)/shiro-core,org.apache.shiro.authc.credential,Sha512CredentialsMatcher,0,6,0,0,0,3,0,1,0,1
Apache Shiro :: All (aggregate jar)/shiro-core,org.apache.shiro.authc.credential,Md5CredentialsMatcher,0,6,0,0,0,3,0,1,0,1
Apache Shiro :: All (aggregate jar)/shiro-core,org.apache.shiro.authc.credential,Sha1CredentialsMatcher,0,6,0,0,0,3,0,1,0,1
Apache Shiro :: All (aggregate jar)/shiro-core,org.apache.shiro.authc.credential,AllowAllCredentialsMatcher,0,5,0,0,0,2,0,2,0,2
Apache Shiro :: All (aggregate jar)/shiro-core,org.apache.shiro.authc.credential,Sha384CredentialsMatcher,0,6,0,0,0,3,0,1,0,1
Apache Shiro :: All (aggregate jar)/shiro-core,org.apache.shiro.authc.credential,Md2CredentialsMatcher,0,6,0,0,0,3,0,1,0,1
Apache Shiro :: All (aggregate jar)/shiro-core,org.apache.shiro.authc.credential,Sha256CredentialsMatcher,0,6,0,0,0,3,0,1,0,1
Apache Shiro :: All (aggregate jar)/shiro-core,org.apache.shiro.authc.credential,PasswordMatcher,2,140,2,14,0,36,2,15,0,9
Apache Shiro :: All (aggregate jar)/shiro-core,org.apache.shiro.realm.jdbc,JdbcRealm.SaltStyle,5,53,0,0,0,1,1,3,1,3
Apache Shiro :: All (aggregate jar)/shiro-core,org.apache.shiro.realm.jdbc,JdbcRealm,128,355,13,28,22,109,13,23,3,11
Apache Shiro :: All (aggregate jar)/shiro-core,org.apache.shiro.realm.jdbc,JdbcRealm.new Object() {...},4,29,0,0,0,1,0,1,0,1
Apache Shiro :: All (aggregate jar)/shiro-core,org.apache.shiro.mgt,AuthenticatingSecurityManager,7,44,2,2,2,16,2,6,0,6
Apache Shiro :: All (aggregate jar)/shiro-core,org.apache.shiro.mgt,DefaultSubjectFactory,10,31,0,0,1,9,1,2,1,2
Apache Shiro :: All (aggregate jar)/shiro-core,org.apache.shiro.mgt,DefaultSubjectDAO,7,186,5,33,2,56,5,26,0,12
Apache Shiro :: All (aggregate jar)/shiro-core,org.apache.shiro.mgt,AuthorizingSecurityManager,85,57,2,2,21,19,15,8,13,8
Apache Shiro :: All (aggregate jar)/shiro-core,org.apache.shiro.mgt,DefaultSecurityManager,274,357,36,32,56,118,26,44,3,33
Apache Shiro :: All (aggregate jar)/shiro-core,org.apache.shiro.mgt,SessionsSecurityManager,0,79,1,5,0,30,1,13,0,11
Apache Shiro :: All (aggregate jar)/shiro-core,org.apache.shiro.mgt,RealmSecurityManager,19,116,8,18,4,41,8,15,0,10
Apache Shiro :: All (aggregate jar)/shiro-core,org.apache.shiro.mgt,CachingSecurityManager,6,58,2,4,1,22,2,10,0,9
Apache Shiro :: All (aggregate jar)/shiro-core,org.apache.shiro.mgt,DefaultSessionStorageEvaluator,0,26,1,5,0,6,1,6,0,4
Apache Shiro :: All (aggregate jar)/shiro-core,org.apache.shiro.mgt,AbstractRememberMeManager,20,214,8,16,8,68,12,27,4,23
Apache Shiro :: All (aggregate jar)/shiro-core,org.apache.shiro.authz.permission,WildcardPermissionResolver,0,8,0,0,0,2,0,2,0,2
Apache Shiro :: All (aggregate jar)/shiro-core,org.apache.shiro.authz.permission,AllPermission,0,5,0,0,0,2,0,2,0,2
Apache Shiro :: All (aggregate jar)/shiro-core,org.apache.shiro.authz.permission,InvalidPermissionStringException,10,0,0,0,4,0,2,0,2,0
Apache Shiro :: All (aggregate jar)/shiro-core,org.apache.shiro.authz.permission,WildcardPermission,13,216,5,31,5,57,6,23,1,10
Apache Shiro :: All (aggregate jar)/shiro-core,org.apache.shiro.authz.permission,DomainPermission,113,118,17,5,29,31,15,9,5,8
Apache Shiro :: All (aggregate jar)/shiro-core,org.apache.shiro.env,EnvironmentException,9,0,0,0,4,0,2,0,2,0
Apache Shiro :: All (aggregate jar)/shiro-core,org.apache.shiro.env,RequiredTypeException,9,0,0,0,4,0,2,0,2,0
Apache Shiro :: All (aggregate jar)/shiro-core,org.apache.shiro.env,DefaultEnvironment,101,44,14,4,25,17,14,6,5,6
Apache Shiro :: All (aggregate jar)/shiro-core,org.apache.shiro.session.mgt,SimpleSessionFactory,0,19,0,4,0,6,0,4,0,2
Apache Shiro :: All (aggregate jar)/shiro-core,org.apache.shiro.session.mgt,SimpleSession,325,537,84,52,48,138,61,46,4,35
Apache Shiro :: All (aggregate jar)/shiro-core,org.apache.shiro.session.mgt,AbstractNativeSessionManager,98,257,8,16,24,74,16,32,10,26
Apache Shiro :: All (aggregate jar)/shiro-core,org.apache.shiro.session.mgt,DelegatingSession,61,88,7,5,10,25,9,10,3,10
Apache Shiro :: All (aggregate jar)/shiro-core,org.apache.shiro.session.mgt,DefaultSessionManager,17,197,7,17,2,63,7,28,0,23
Apache Shiro :: All (aggregate jar)/shiro-core,org.apache.shiro.session.mgt,DefaultSessionContext,15,39,1,1,5,8,4,4,3,4
Apache Shiro :: All (aggregate jar)/shiro-core,org.apache.shiro.session.mgt,ExecutorServiceSessionValidationScheduler,48,75,6,2,15,21,10,7,6,7
Apache Shiro :: All (aggregate jar)/shiro-core,org.apache.shiro.session.mgt,ImmutableProxiedSession,19,11,0,0,10,4,5,2,5,2
Apache Shiro :: All (aggregate jar)/shiro-core,org.apache.shiro.session.mgt,DefaultSessionKey,0,16,0,0,0,8,0,4,0,4
Apache Shiro :: All (aggregate jar)/shiro-core,org.apache.shiro.session.mgt,AbstractSessionManager,0,13,0,0,0,6,0,3,0,3
Apache Shiro :: All (aggregate jar)/shiro-core,org.apache.shiro.session.mgt,ExecutorServiceSessionValidationScheduler.new ThreadFactory() {...},0,36,0,0,0,6,0,2,0,2
Apache Shiro :: All (aggregate jar)/shiro-core,org.apache.shiro.session.mgt,AbstractValidatingSessionManager,98,294,14,30,24,95,15,32,3,22
Apache Shiro :: All (aggregate jar)/shiro-core,org.apache.shiro.realm.activedirectory,ActiveDirectoryRealm,258,7,24,0,53,2,19,2,7,2
Apache Shiro :: All (aggregate jar)/shiro-core,org.apache.shiro.authc,UnknownAccountException,0,16,0,0,0,8,0,4,0,4
Apache Shiro :: All (aggregate jar)/shiro-core,org.apache.shiro.authc,IncorrectCredentialsException,0,16,0,0,0,8,0,4,0,4
Apache Shiro :: All (aggregate jar)/shiro-core,org.apache.shiro.authc,DisabledAccountException,0,16,0,0,0,8,0,4,0,4
Apache Shiro :: All (aggregate jar)/shiro-core,org.apache.shiro.authc,ExpiredCredentialsException,0,16,0,0,0,8,0,4,0,4
Apache Shiro :: All (aggregate jar)/shiro-core,org.apache.shiro.authc,SimpleAuthenticationInfo,82,134,22,12,20,41,17,15,2,13
Apache Shiro :: All (aggregate jar)/shiro-core,org.apache.shiro.authc,AbstractAuthenticator,30,152,6,14,10,40,5,14,1,8
Apache Shiro :: All (aggregate jar)/shiro-core,org.apache.shiro.authc,LockedAccountException,0,16,0,0,0,8,0,4,0,4
Apache Shiro :: All (aggregate jar)/shiro-core,org.apache.shiro.authc,UsernamePasswordToken,84,114,9,5,24,29,15,13,9,12
Apache Shiro :: All (aggregate jar)/shiro-core,org.apache.shiro.authc,SimpleAccount,236,90,20,2,62,25,31,16,20,16
Apache Shiro :: All (aggregate jar)/shiro-core,org.apache.shiro.authc,AuthenticationException,0,16,0,0,0,8,0,4,0,4
Apache Shiro :: All (aggregate jar)/shiro-core,org.apache.shiro.authc,ExcessiveAttemptsException,0,16,0,0,0,8,0,4,0,4
Apache Shiro :: All (aggregate jar)/shiro-core,org.apache.shiro.authc,CredentialsException,0,16,0,0,0,8,0,4,0,4
Apache Shiro :: All (aggregate jar)/shiro-core,org.apache.shiro.authc,ConcurrentAccessException,0,16,0,0,0,8,0,4,0,4
Apache Shiro :: All (aggregate jar)/shiro-core,org.apache.shiro.authc,AccountException,0,16,0,0,0,8,0,4,0,4
Apache Shiro :: All (aggregate jar)/shiro-core,org.apache.shiro.authz.annotation,Logical,5,33,0,0,0,2,1,3,1,3
Apache Shiro :: All (aggregate jar)/shiro-core,org.apache.shiro.concurrent,SubjectAwareScheduledExecutorService,126,0,4,0,29,0,12,0,10,0
Apache Shiro :: All (aggregate jar)/shiro-core,org.apache.shiro.concurrent,SubjectAwareExecutorService,151,22,4,0,35,8,18,3,16,3
Apache Shiro :: All (aggregate jar)/shiro-core,org.apache.shiro.concurrent,SubjectAwareExecutor,5,36,1,1,1,15,1,7,0,7
Apache Shiro :: All (aggregate jar)/shiro-core,org.apache.shiro.realm.jndi,JndiRealmFactory,122,0,10,0,27,0,10,0,5,0
Apache Shiro :: All (aggregate jar)/shiro-core,org.apache.shiro.realm,AuthenticatingRealm,4,403,16,44,0,113,16,46,0,32
Apache Shiro :: All (aggregate jar)/shiro-core,org.apache.shiro.realm,SimpleAccountRealm,147,159,11,7,23,38,12,13,5,11
Apache Shiro :: All (aggregate jar)/shiro-core,org.apache.shiro.realm,AuthorizingRealm,170,811,47,115,42,195,48,86,6,47
Apache Shiro :: All (aggregate jar)/shiro-core,org.apache.shiro.realm,CachingRealm,2,99,4,6,0,32,4,15,0,14
Apache Shiro :: All (aggregate jar)/shiro-web,org.apache.shiro.web.filter.session,NoSessionCreationFilter,0,9,0,0,0,3,0,2,0,2
Apache Shiro :: All (aggregate jar)/shiro-web,org.apache.shiro.web.mgt,CookieRememberMeManager,29,209,16,18,10,58,13,15,0,11
Apache Shiro :: All (aggregate jar)/shiro-web,org.apache.shiro.web.mgt,DefaultWebSecurityManager,152,198,23,21,36,56,22,19,5,14
Apache Shiro :: All (aggregate jar)/shiro-web,org.apache.shiro.web.mgt,DefaultWebSessionStorageEvaluator,0,33,1,9,0,10,1,7,0,3
Apache Shiro :: All (aggregate jar)/shiro-web,org.apache.shiro.web.mgt,DefaultWebSubjectFactory,12,49,0,2,1,14,1,3,1,2
Apache Shiro :: All (aggregate jar)/shiro-web,org.apache.shiro.web.servlet,ShiroHttpServletRequest,211,129,50,6,54,26,37,7,10,6
Apache Shiro :: All (aggregate jar)/shiro-web,org.apache.shiro.web.servlet,OncePerRequestFilter,16,85,2,6,2,25,2,10,0,8
Apache Shiro :: All (aggregate jar)/shiro-web,org.apache.shiro.web.servlet,ShiroHttpServletResponse,193,254,51,29,53,69,45,10,8,7
Apache Shiro :: All (aggregate jar)/shiro-web,org.apache.shiro.web.servlet,AdviceFilter,124,7,18,0,38,2,15,2,6,2
Apache Shiro :: All (aggregate jar)/shiro-web,org.apache.shiro.web.servlet,ShiroHttpSession,264,36,17,1,74,12,29,3,20,3
Apache Shiro :: All (aggregate jar)/shiro-web,org.apache.shiro.web.servlet,ProxiedFilterChain,58,21,9,1,9,8,6,2,1,2
Apache Shiro :: All (aggregate jar)/shiro-web,org.apache.shiro.web.servlet,ShiroHttpSession.new Enumeration() {...},4,3,0,0,2,1,2,1,2,1
Apache Shiro :: All (aggregate jar)/shiro-web,org.apache.shiro.web.servlet,ShiroHttpSession.new Enumeration() {...},17,0,0,0,3,0,3,0,3,0
Apache Shiro :: All (aggregate jar)/shiro-web,org.apache.shiro.web.servlet,ShiroHttpSession.new HttpSessionContext() {...},4,3,0,0,2,1,2,1,2,1
Apache Shiro :: All (aggregate jar)/shiro-web,org.apache.shiro.web.servlet,NameableFilter,3,37,2,4,1,13,2,5,0,4
Apache Shiro :: All (aggregate jar)/shiro-web,org.apache.shiro.web.servlet,AbstractShiroFilter,60,209,16,16,22,66,15,24,1,22
Apache Shiro :: All (aggregate jar)/shiro-web,org.apache.shiro.web.servlet,AbstractFilter,6,62,3,3,3,19,4,7,1,7
Apache Shiro :: All (aggregate jar)/shiro-web,org.apache.shiro.web.servlet,AbstractShiroFilter.new Callable() {...},0,33,0,0,0,4,0,2,0,2
Apache Shiro :: All (aggregate jar)/shiro-web,org.apache.shiro.web.servlet,ShiroFilter,0,20,1,1,0,7,1,2,0,2
Apache Shiro :: All (aggregate jar)/shiro-web,org.apache.shiro.web.servlet,SimpleCookie,48,539,9,39,14,146,11,51,3,35
Apache Shiro :: All (aggregate jar)/shiro-web,org.apache.shiro.web.servlet,IniShiroFilter,24,251,10,30,3,79,9,27,0,16
Apache Shiro :: All (aggregate jar)/shiro-web,org.apache.shiro.web.servlet,ShiroHttpServletRequest.ObjectPrincipal,41,0,2,0,12,0,7,0,6,0
Apache Shiro :: All (aggregate jar)/shiro-web,org.apache.shiro.web.servlet,ServletContextSupport,47,17,4,0,14,6,8,4,6,4
Apache Shiro :: All (aggregate jar)/shiro-web,org.apache.shiro.web.subject.support,DefaultWebSubjectContext,0,105,6,10,0,32,6,12,0,10
Apache Shiro :: All (aggregate jar)/shiro-web,org.apache.shiro.web.subject.support,WebDelegatingSubject,15,52,3,3,3,14,4,5,1,5
Apache Shiro :: All (aggregate jar)/shiro-web,org.apache.shiro.web.util,RedirectView,113,107,12,8,28,32,15,9,6,8
Apache Shiro :: All (aggregate jar)/shiro-web,org.apache.shiro.web.util,SavedRequest,43,0,2,0,12,0,6,0,5,0
Apache Shiro :: All (aggregate jar)/shiro-web,org.apache.shiro.web.util,WebUtils,236,405,52,56,64,104,46,43,9,26
Apache Shiro :: All (aggregate jar)/shiro-web,org.apache.shiro.web.session,HttpServletSession,140,90,7,5,43,24,12,10,7,9
Apache Shiro :: All (aggregate jar)/shiro-web,org.apache.shiro.web.filter.mgt,SimpleNamedFilterList,0,160,0,4,0,39,0,30,0,28
Apache Shiro :: All (aggregate jar)/shiro-web,org.apache.shiro.web.filter.mgt,PathMatchingFilterChainResolver,0,114,1,7,0,29,1,13,0,10
Apache Shiro :: All (aggregate jar)/shiro-web,org.apache.shiro.web.filter.mgt,DefaultFilter,27,180,1,3,6,23,2,7,1,6
Apache Shiro :: All (aggregate jar)/shiro-web,org.apache.shiro.web.filter.mgt,DefaultFilterChainManager,40,472,5,47,7,101,5,47,0,26
Apache Shiro :: All (aggregate jar)/shiro-web,org.apache.shiro.web.filter.authz,HttpMethodPermissionFilter,35,123,5,13,8,22,8,9,3,5
Apache Shiro :: All (aggregate jar)/shiro-web,org.apache.shiro.web.filter.authz,SslFilter,20,6,6,0,4,3,5,1,2,1
Apache Shiro :: All (aggregate jar)/shiro-web,org.apache.shiro.web.filter.authz,PortFilter,52,93,11,9,9,26,9,8,1,6
Apache Shiro :: All (aggregate jar)/shiro-web,org.apache.shiro.web.filter.authz,HostFilter,112,0,16,0,25,0,14,0,6,0
Apache Shiro :: All (aggregate jar)/shiro-web,org.apache.shiro.web.filter.authz,HttpMethodPermissionFilter.HttpMethodAction,5,107,0,0,0,13,1,4,1,4
Apache Shiro :: All (aggregate jar)/shiro-web,org.apache.shiro.web.filter.authz,AuthorizationFilter,5,35,1,3,1,11,1,5,0,4
Apache Shiro :: All (aggregate jar)/shiro-web,org.apache.shiro.web.filter.authz,PermissionsAuthorizationFilter,37,3,10,0,10,1,6,1,1,1
Apache Shiro :: All (aggregate jar)/shiro-web,org.apache.shiro.web.filter.authz,RolesAuthorizationFilter,23,3,4,0,6,1,3,1,1,1
Apache Shiro :: All (aggregate jar)/shiro-web,org.apache.shiro.web.tags,LacksPermissionTag,11,0,2,0,3,0,3,0,2,0
Apache Shiro :: All (aggregate jar)/shiro-web,org.apache.shiro.web.tags,GuestTag,30,0,8,0,9,0,7,0,3,0
Apache Shiro :: All (aggregate jar)/shiro-web,org.apache.shiro.web.tags,HasAnyRolesTag,38,0,6,0,10,0,5,0,2,0
Apache Shiro :: All (aggregate jar)/shiro-web,org.apache.shiro.web.tags,SecureTag,15,0,0,0,7,0,5,0,5,0
Apache Shiro :: All (aggregate jar)/shiro-web,org.apache.shiro.web.tags,PrincipalTag,224,0,22,0,55,0,22,0,11,0
Apache Shiro :: All (aggregate jar)/shiro-web,org.apache.shiro.web.tags,LacksRoleTag,21,0,6,0,4,0,5,0,2,0
Apache Shiro :: All (aggregate jar)/shiro-web,org.apache.shiro.web.tags,UserTag,30,0,8,0,9,0,7,0,3,0
Apache Shiro :: All (aggregate jar)/shiro-web,org.apache.shiro.web.tags,NotAuthenticatedTag,30,0,8,0,9,0,7,0,3,0
Apache Shiro :: All (aggregate jar)/shiro-web,org.apache.shiro.web.tags,HasPermissionTag,7,0,0,0,3,0,2,0,2,0
Apache Shiro :: All (aggregate jar)/shiro-web,org.apache.shiro.web.tags,RoleTag,24,0,2,0,10,0,5,0,4,0
Apache Shiro :: All (aggregate jar)/shiro-web,org.apache.shiro.web.tags,AuthenticatedTag,30,0,8,0,9,0,7,0,3,0
Apache Shiro :: All (aggregate jar)/shiro-web,org.apache.shiro.web.tags,HasRoleTag,15,0,4,0,3,0,4,0,2,0
Apache Shiro :: All (aggregate jar)/shiro-web,org.apache.shiro.web.tags,PermissionTag,54,0,10,0,17,0,11,0,6,0
Apache Shiro :: All (aggregate jar)/shiro-web,org.apache.shiro.web.env,DefaultWebEnvironment,58,7,2,0,17,4,9,2,8,2
Apache Shiro :: All (aggregate jar)/shiro-web,org.apache.shiro.web.env,IniWebEnvironment,258,165,50,16,67,52,40,13,8,12
Apache Shiro :: All (aggregate jar)/shiro-web,org.apache.shiro.web.env,EnvironmentLoader,201,140,24,10,39,46,22,7,5,7
Apache Shiro :: All (aggregate jar)/shiro-web,org.apache.shiro.web.env,EnvironmentLoaderListener,14,0,0,0,5,0,3,0,3,0
Apache Shiro :: All (aggregate jar)/shiro-web,org.apache.shiro.web.env,ResourceBasedWebEnvironment,19,6,2,0,7,2,3,2,2,2
Apache Shiro :: All (aggregate jar)/shiro-web,org.apache.shiro.web.filter,PathMatchingFilter,17,154,7,11,6,30,8,11,2,8
Apache Shiro :: All (aggregate jar)/shiro-web,org.apache.shiro.web.filter,AccessControlFilter,46,15,4,0,11,6,8,4,6,4
Apache Shiro :: All (aggregate jar)/shiro-web,org.apache.shiro.web.filter.authc,AnonymousFilter,0,5,0,0,0,2,0,2,0,2
Apache Shiro :: All (aggregate jar)/shiro-web,org.apache.shiro.web.filter.authc,UserFilter,25,3,4,0,6,1,4,1,2,1
Apache Shiro :: All (aggregate jar)/shiro-web,org.apache.shiro.web.filter.authc,AuthenticationFilter,9,18,0,0,3,6,2,3,2,3
Apache Shiro :: All (aggregate jar)/shiro-web,org.apache.shiro.web.filter.authc,BasicHttpAuthenticationFilter,91,213,15,25,24,46,18,21,7,12
Apache Shiro :: All (aggregate jar)/shiro-web,org.apache.shiro.web.filter.authc,FormAuthenticationFilter,151,49,17,3,41,16,26,4,17,3
Apache Shiro :: All (aggregate jar)/shiro-web,org.apache.shiro.web.filter.authc,LogoutFilter,11,80,0,4,5,24,2,11,2,9
Apache Shiro :: All (aggregate jar)/shiro-web,org.apache.shiro.web.filter.authc,AuthenticatingFilter,71,63,12,6,20,12,12,8,4,7
Apache Shiro :: All (aggregate jar)/shiro-web,org.apache.shiro.web.filter.authc,PassThruAuthenticationFilter,16,0,2,0,5,0,3,0,2,0
Apache Shiro :: All (aggregate jar)/shiro-web,org.apache.shiro.web.session.mgt,ServletContainerSessionManager,2,82,1,9,1,26,2,10,1,6
Apache Shiro :: All (aggregate jar)/shiro-web,org.apache.shiro.web.session.mgt,DefaultWebSessionContext,4,52,2,2,2,12,3,6,1,6
Apache Shiro :: All (aggregate jar)/shiro-web,org.apache.shiro.web.session.mgt,DefaultWebSessionManager,70,383,13,37,24,112,15,34,3,21
Apache Shiro :: All (aggregate jar)/shiro-web,org.apache.shiro.web.session.mgt,WebSessionKey,10,27,2,2,2,11,2,4,0,4
Apache Shiro :: All (aggregate jar)/shiro-web,org.apache.shiro.web.subject,WebSubject.Builder,35,47,5,5,7,16,6,5,1,5
Apache Shiro :: All (aggregate jar)/shiro-web,org.apache.shiro.web.config,WebIniSecurityManagerFactory,0,24,0,0,0,9,0,4,0,4
Apache Shiro :: All (aggregate jar)/shiro-web,org.apache.shiro.web.config,IniFilterChainResolverFactory,0,261,6,30,0,77,6,25,0,13
Apache Shiro :: All (aggregate jar)/shiro-aspectj,org.apache.shiro.aspectj,ShiroAnnotationAuthorizingAspect,15,21,3,1,0,6,3,4,1,4
Apache Shiro :: All (aggregate jar)/shiro-aspectj,org.apache.shiro.aspectj,BeforeAdviceMethodInvocationAdapter,31,36,3,1,6,12,3,5,1,5
Apache Shiro :: All (aggregate jar)/shiro-aspectj,org.apache.shiro.aspectj,AspectjAnnotationsAuthorizingMethodInterceptor,0,46,1,1,0,10,1,3,0,3
Apache Shiro :: All (aggregate jar)/shiro-ehcache,org.apache.shiro.cache.ehcache,EhCacheManager,76,138,13,9,15,39,13,9,2,9
Apache Shiro :: All (aggregate jar)/shiro-ehcache,org.apache.shiro.cache.ehcache,EhCache,210,99,21,7,52,20,23,5,10,4
Apache Shiro :: All (aggregate jar)/shiro-guice,org.apache.shiro.guice,BeanTypeListener.new MembersInjector() {...},24,55,0,2,4,9,0,3,0,2
Apache Shiro :: All (aggregate jar)/shiro-guice,org.apache.shiro.guice,ShiroMatchers.new AbstractMatcher() {...},0,12,0,0,0,2,0,2,0,2
Apache Shiro :: All (aggregate jar)/shiro-guice,org.apache.shiro.guice,ShiroMatchers.new AbstractMatcher() {...},0,10,0,2,0,2,0,3,0,2
Apache Shiro :: All (aggregate jar)/shiro-guice,org.apache.shiro.guice,GuiceEnvironment,0,9,0,0,0,4,0,2,0,2
Apache Shiro :: All (aggregate jar)/shiro-guice,org.apache.shiro.guice,LifecycleTypeListener,0,38,0,4,0,10,0,6,0,4
Apache Shiro :: All (aggregate jar)/shiro-guice,org.apache.shiro.guice,ShiroModule.EventBusAwareTypeListener,0,23,0,2,0,5,0,3,0,2
Apache Shiro :: All (aggregate jar)/shiro-guice,org.apache.shiro.guice,ShiroModule.SubscribedEventTypeListener.new InjectionListener() {...},0,16,0,0,0,3,0,2,0,2
Apache Shiro :: All (aggregate jar)/shiro-guice,org.apache.shiro.guice,InitializableInjectionListener,0,11,0,0,0,4,0,3,0,3
Apache Shiro :: All (aggregate jar)/shiro-guice,org.apache.shiro.guice,ShiroModule,29,173,0,2,4,42,0,13,0,12
Apache Shiro :: All (aggregate jar)/shiro-guice,org.apache.shiro.guice,ShiroSessionScope.new Provider() {...},4,41,0,4,1,10,1,5,1,3
Apache Shiro :: All (aggregate jar)/shiro-guice,org.apache.shiro.guice,ShiroMatchers,3,10,0,0,1,2,1,2,1,2
Apache Shiro :: All (aggregate jar)/shiro-guice,org.apache.shiro.guice,ShiroSessionScope,2,10,0,0,1,2,1,2,1,2
Apache Shiro :: All (aggregate jar)/shiro-guice,org.apache.shiro.guice,DestroyableInjectionListener,0,16,0,0,0,6,0,3,0,3
Apache Shiro :: All (aggregate jar)/shiro-guice,org.apache.shiro.guice,ShiroModule.EventBusAwareTypeListener.new InjectionListener() {...},0,17,0,0,0,3,0,2,0,2
Apache Shiro :: All (aggregate jar)/shiro-guice,org.apache.shiro.guice,ShiroModule.new DestroyableInjectionListener.DestroyableRegistry() {...},4,11,0,0,2,3,1,2,1,2
Apache Shiro :: All (aggregate jar)/shiro-guice,org.apache.shiro.guice,BeanTypeListener,0,251,3,19,0,38,3,18,0,10
Apache Shiro :: All (aggregate jar)/shiro-guice,org.apache.shiro.guice,ShiroModule.SubscribedEventTypeListener,0,28,1,3,0,6,1,3,0,2
Apache Shiro :: All (aggregate jar)/shiro-guice,org.apache.shiro.guice,BeanTypeListener.BeanTypeKey,0,6,0,0,0,3,0,1,0,1
Apache Shiro :: All (aggregate jar)/shiro-guice,org.apache.shiro.guice.web,SimpleFilterChainResolver.new Iterator() {...},4,23,0,0,1,3,1,3,1,3
Apache Shiro :: All (aggregate jar)/shiro-guice,org.apache.shiro.guice.web,SimpleFilterChainResolver,0,55,0,4,0,12,0,4,0,2
Apache Shiro :: All (aggregate jar)/shiro-guice,org.apache.shiro.guice.web,ShiroWebModule.FilterConfigKey,0,15,0,0,0,6,0,3,0,3
Apache Shiro :: All (aggregate jar)/shiro-guice,org.apache.shiro.guice.web,ShiroWebModule.new ServletModule() {...},15,0,0,0,3,0,2,0,2,0
Apache Shiro :: All (aggregate jar)/shiro-guice,org.apache.shiro.guice.web,PathMatchingFilterProvider,0,31,0,2,0,7,0,3,0,2
Apache Shiro :: All (aggregate jar)/shiro-guice,org.apache.shiro.guice.web,GuiceShiroFilter,0,9,0,0,0,4,0,1,0,1
Apache Shiro :: All (aggregate jar)/shiro-guice,org.apache.shiro.guice.web,SimpleFilterChain,0,42,1,3,0,13,1,4,0,3
Apache Shiro :: All (aggregate jar)/shiro-guice,org.apache.shiro.guice.web,WebGuiceEnvironment,0,28,0,0,0,10,0,5,0,5
Apache Shiro :: All (aggregate jar)/shiro-guice,org.apache.shiro.guice.web,FilterChainResolverProvider,0,72,0,4,0,14,0,6,0,4
Apache Shiro :: All (aggregate jar)/shiro-guice,org.apache.shiro.guice.web,ShiroWebModule,68,388,2,20,16,85,10,28,8,19
Apache Shiro :: All (aggregate jar)/shiro-guice,org.apache.shiro.guice.web,ShiroWebModule.FilterConfig,0,15,0,0,0,6,0,3,0,3
Apache Shiro :: All (aggregate jar)/shiro-guice,org.apache.shiro.guice.web,AbstractInjectionProvider,17,96,0,4,2,22,0,7,0,5
Apache Shiro :: All (aggregate jar)/shiro-guice,org.apache.shiro.guice.aop,ShiroAopModule,1,66,0,0,1,14,1,5,1,5
Apache Shiro :: All (aggregate jar)/shiro-guice,org.apache.shiro.guice.aop,AopAllianceMethodInterceptorAdapter,11,14,0,0,1,4,1,2,1,2
Apache Shiro :: All (aggregate jar)/shiro-guice,org.apache.shiro.guice.aop,AopAllianceMethodInvocationAdapter,13,22,0,0,1,7,1,5,1,5
Apache Shiro :: All (aggregate jar)/shiro-guice,org.apache.shiro.guice.aop,ShiroAopModule.new AbstractMatcher() {...},0,27,1,3,0,4,1,3,0,2
Apache Shiro :: All (aggregate jar)/shiro-hazelcast,org.apache.shiro.hazelcast.cache,HazelcastCacheManager,9,89,3,3,0,28,3,12,0,12
Apache Shiro :: All (aggregate jar)/shiro-quartz,org.apache.shiro.session.mgt.quartz,QuartzSessionValidationScheduler,225,0,28,0,68,0,24,0,10,0
Apache Shiro :: All (aggregate jar)/shiro-quartz,org.apache.shiro.session.mgt.quartz,QuartzSessionValidationJob,30,0,4,0,10,0,5,0,3,0
Apache Shiro :: All (aggregate jar)/shiro-spring,org.apache.shiro.spring.web.config,AbstractShiroWebFilterConfiguration,30,0,0,0,8,0,2,0,2,0
Apache Shiro :: All (aggregate jar)/shiro-spring,org.apache.shiro.spring.web.config,AbstractShiroWebConfiguration,33,104,1,1,9,25,2,10,1,10
Apache Shiro :: All (aggregate jar)/shiro-spring,org.apache.shiro.spring.web.config,ShiroWebFilterConfiguration,6,0,0,0,2,0,2,0,2,0
Apache Shiro :: All (aggregate jar)/shiro-spring,org.apache.shiro.spring.web.config,DefaultShiroFilterChainDefinition,5,18,0,0,2,5,1,3,1,3
Apache Shiro :: All (aggregate jar)/shiro-spring,org.apache.shiro.spring.web.config,ShiroWebConfiguration,0,46,0,0,0,15,0,15,0,15
Apache Shiro :: All (aggregate jar)/shiro-spring,org.apache.shiro.spring.remoting,SecureRemoteInvocationExecutor.new Callable() {...},20,0,0,0,2,0,2,0,2,0
Apache Shiro :: All (aggregate jar)/shiro-spring,org.apache.shiro.spring.remoting,SecureRemoteInvocationExecutor,108,0,14,0,28,0,11,0,4,0
Apache Shiro :: All (aggregate jar)/shiro-spring,org.apache.shiro.spring.remoting,SecureRemoteInvocationFactory,39,97,11,15,14,27,9,8,1,3
Apache Shiro :: All (aggregate jar)/shiro-spring,org.apache.shiro.spring.config,AbstractShiroBeanConfiguration,0,17,0,0,0,4,0,4,0,4
Apache Shiro :: All (aggregate jar)/shiro-spring,org.apache.shiro.spring.config,ShiroBeanConfiguration,0,12,0,0,0,4,0,4,0,4
Apache Shiro :: All (aggregate jar)/shiro-spring,org.apache.shiro.spring.config,ShiroAnnotationProcessorConfiguration,0,10,0,0,0,3,0,3,0,3
Apache Shiro :: All (aggregate jar)/shiro-spring,org.apache.shiro.spring.config,AbstractShiroConfiguration,11,133,1,7,3,39,2,16,1,13
Apache Shiro :: All (aggregate jar)/shiro-spring,org.apache.shiro.spring.config,AbstractShiroAnnotationProcessorConfiguration,0,16,0,0,0,5,0,3,0,3
Apache Shiro :: All (aggregate jar)/shiro-spring,org.apache.shiro.spring.config,ShiroConfiguration,0,37,0,0,0,12,0,12,0,12
Apache Shiro :: All (aggregate jar)/shiro-spring,org.apache.shiro.spring.security.interceptor,AopAllianceAnnotationsAuthorizingMethodInterceptor.new MethodInvocation() {...},17,21,0,0,2,4,2,4,2,4
Apache Shiro :: All (aggregate jar)/shiro-spring,org.apache.shiro.spring.security.interceptor,AopAllianceAnnotationsAuthorizingMethodInterceptor,6,67,0,0,2,14,1,3,1,3
Apache Shiro :: All (aggregate jar)/shiro-spring,org.apache.shiro.spring.security.interceptor,AuthorizationAttributeSourceAdvisor,3,126,1,15,2,25,1,14,0,7
Apache Shiro :: All (aggregate jar)/shiro-spring,org.apache.shiro.spring.web,ShiroFilterFactoryBean.SpringShiroFilter,5,13,2,2,1,6,2,1,0,1
Apache Shiro :: All (aggregate jar)/shiro-spring,org.apache.shiro.spring.web,ShiroFilterFactoryBean,84,253,23,17,26,78,21,25,4,22
Apache Shiro :: All (aggregate jar)/shiro-spring,org.apache.shiro.spring,ShiroEventBusBeanPostProcessor,0,39,0,6,0,11,0,7,0,4
Apache Shiro :: All (aggregate jar)/shiro-spring,org.apache.shiro.spring,LifecycleBeanPostProcessor,59,42,2,6,7,18,3,9,1,7
Apache Shiro :: All (aggregate jar)/shiro-spring,org.apache.shiro.spring.aop,SpringAnnotationResolver,0,36,0,4,0,9,0,4,0,2
